Unity Editor version:    2021.3.33f1 (ee5a2aa03ab2)
Branch:                  2021.3/staging
Build type:              Release
Batch mode:              YES
macOS version:           Version 14.5 (Build 23F79)
Darwin version:          23.5.0
Architecture:            arm64
Running under Rosetta:   NO
Available memory:        16384 MB
Using pre-set license
Pro License: YES

COMMAND LINE ARGUMENTS:
/Applications/Unity/Hub/Editor/2021.3.33f1/Unity.app/Contents/MacOS/Unity
-adb2
-batchMode
-noUpm
-name
AssetImportWorker0
-projectPath
/Users/john.reed/Unity Examples/Mission Demolition
-logFile
Logs/AssetImportWorker0.log
-srvPort
64234
Successfully changed project path to: /Users/john.reed/Unity Examples/Mission Demolition
/Users/john.reed/Unity Examples/Mission Demolition
[UnityMemory] Configuration Parameters - Can be set up in boot.config
    "memorysetup-bucket-allocator-granularity=16"
    "memorysetup-bucket-allocator-bucket-count=8"
    "memorysetup-bucket-allocator-block-size=33554432"
    "memorysetup-bucket-allocator-block-count=8"
    "memorysetup-main-allocator-block-size=16777216"
    "memorysetup-thread-allocator-block-size=16777216"
    "memorysetup-gfx-main-allocator-block-size=16777216"
    "memorysetup-gfx-thread-allocator-block-size=16777216"
    "memorysetup-cache-allocator-block-size=4194304"
    "memorysetup-typetree-allocator-block-size=2097152"
    "memorysetup-profiler-bucket-allocator-granularity=16"
    "memorysetup-profiler-bucket-allocator-bucket-count=8"
    "memorysetup-profiler-bucket-allocator-block-size=33554432"
    "memorysetup-profiler-bucket-allocator-block-count=8"
    "memorysetup-profiler-allocator-block-size=16777216"
    "memorysetup-profiler-editor-allocator-block-size=1048576"
    "memorysetup-temp-allocator-size-main=16777216"
    "memorysetup-job-temp-allocator-block-size=2097152"
    "memorysetup-job-temp-allocator-block-size-background=1048576"
    "memorysetup-job-temp-allocator-reduction-small-platforms=262144"
    "memorysetup-temp-allocator-size-background-worker=32768"
    "memorysetup-temp-allocator-size-job-worker=262144"
    "memorysetup-temp-allocator-size-preload-manager=33554432"
    "memorysetup-temp-allocator-size-nav-mesh-worker=65536"
    "memorysetup-temp-allocator-size-audio-worker=65536"
    "memorysetup-temp-allocator-size-cloud-worker=32768"
    "memorysetup-temp-allocator-size-gi-baking-worker=262144"
    "memorysetup-temp-allocator-size-gfx=262144"
Player connection [8334658560] Host "[IP] 192.168.1.138 [Port] 0 [Flags] 2 [Guid] 796176626 [EditorId] 796176626 [Version] 1048832 [Id] OSXEditor(0,ONCHASTU-C02FT050Q05P.lan) [Debug] 1 [PackageName] OSXEditor [ProjectName] Editor" joined multi-casting on [225.0.0.222:54997]...

Player connection [8334658560] Host "[IP] 192.168.1.138 [Port] 0 [Flags] 2 [Guid] 796176626 [EditorId] 796176626 [Version] 1048832 [Id] OSXEditor(0,ONCHASTU-C02FT050Q05P.lan) [Debug] 1 [PackageName] OSXEditor [ProjectName] Editor" joined alternative multi-casting on [225.0.0.222:34997]...

[Physics::Module] Initialized MultithreadedJobDispatcher with {0} workers.
Refreshing native plugins compatible for Editor in 54.31 ms, found 2 plugins.
Preloading 0 native plugins for Editor in 0.00 ms.
Initialize engine version: 2021.3.33f1 (ee5a2aa03ab2)
[Subsystems] Discovering subsystems at path /Applications/Unity/Hub/Editor/2021.3.33f1/Unity.app/Contents/Resources/UnitySubsystems
[Subsystems] Discovering subsystems at path /Users/john.reed/Unity Examples/Mission Demolition/Assets
GfxDevice: creating device client; threaded=0; jobified=0
 preferred device: Apple M1 (high power)
Metal devices available: 1
0: Apple M1 (high power)
Using device Apple M1 (high power)
Initializing Metal device caps: Apple M1
Initialize mono
Mono path[0] = '/Applications/Unity/Hub/Editor/2021.3.33f1/Unity.app/Contents/Managed'
Mono path[1] = '/Applications/Unity/Hub/Editor/2021.3.33f1/Unity.app/Contents/MonoBleedingEdge/lib/mono/unityjit-macos'
Mono config path = '/Applications/Unity/Hub/Editor/2021.3.33f1/Unity.app/Contents/MonoBleedingEdge/etc'
Using monoOptions --debugger-agent=transport=dt_socket,embedding=1,server=y,suspend=n,address=127.0.0.1:56965
Begin MonoManager ReloadAssembly
Registering precompiled unity dll's ...
Register platform support module: /Applications/Unity/Hub/Editor/2021.3.33f1/PlaybackEngines/WebGLSupport/UnityEditor.WebGL.Extensions.dll
Register platform support module: /Applications/Unity/Hub/Editor/2021.3.33f1/Unity.app/Contents/PlaybackEngines/MacStandaloneSupport/UnityEditor.OSXStandalone.Extensions.dll
Register platform support module: /Applications/Unity/Hub/Editor/2021.3.33f1/PlaybackEngines/WindowsStandaloneSupport/UnityEditor.WindowsStandalone.Extensions.dll
Registered in 0.002065 seconds.
Native extension for WindowsStandalone target not found
Native extension for OSXStandalone target not found
Native extension for WebGL target not found
Refreshing native plugins compatible for Editor in 55.80 ms, found 2 plugins.
Preloading 0 native plugins for Editor in 0.00 ms.
Mono: successfully reloaded assembly
- Completed reload, in  0.385 seconds
Domain Reload Profiling:
	ReloadAssembly (385ms)
		BeginReloadAssembly (64ms)
			ExecutionOrderSort (0ms)
			DisableScriptedObjects (0ms)
			BackupInstance (0ms)
			ReleaseScriptingObjects (0ms)
			CreateAndSetChildDomain (0ms)
		EndReloadAssembly (268ms)
			LoadAssemblies (65ms)
			RebuildTransferFunctionScriptingTraits (0ms)
			SetupTypeCache (64ms)
			ReleaseScriptCaches (0ms)
			RebuildScriptCaches (18ms)
			SetupLoadedEditorAssemblies (161ms)
				LogAssemblyErrors (0ms)
				InitializePlatformSupportModulesInManaged (4ms)
				SetLoadedEditorAssemblies (0ms)
				RefreshPlugins (56ms)
				BeforeProcessingInitializeOnLoad (1ms)
				ProcessInitializeOnLoadAttributes (78ms)
				ProcessInitializeOnLoadMethodAttributes (23ms)
				AfterProcessingInitializeOnLoad (0ms)
				EditorAssembliesLoaded (0ms)
			ExecutionOrderSort2 (0ms)
			AwakeInstancesAfterBackupRestoration (0ms)
Platform modules already initialized, skipping
Registering precompiled user dll's ...
Registered in 0.001131 seconds.
Begin MonoManager ReloadAssembly
Native extension for WindowsStandalone target not found
Native extension for OSXStandalone target not found
Native extension for WebGL target not found
Refreshing native plugins compatible for Editor in 0.30 ms, found 2 plugins.
Preloading 0 native plugins for Editor in 0.00 ms.
Package Manager log level set to [2]
[Package Manager] Server::EnsureServerProcessIsRunning -- launch failed, reason: Unity was launched with the -noUpm command-line argument
[Package Manager] Cannot connect to Unity Package Manager local server
Mono: successfully reloaded assembly
- Completed reload, in  0.590 seconds
Domain Reload Profiling:
	ReloadAssembly (591ms)
		BeginReloadAssembly (57ms)
			ExecutionOrderSort (0ms)
			DisableScriptedObjects (3ms)
			BackupInstance (0ms)
			ReleaseScriptingObjects (0ms)
			CreateAndSetChildDomain (14ms)
		EndReloadAssembly (473ms)
			LoadAssemblies (48ms)
			RebuildTransferFunctionScriptingTraits (0ms)
			SetupTypeCache (161ms)
			ReleaseScriptCaches (1ms)
			RebuildScriptCaches (31ms)
			SetupLoadedEditorAssemblies (213ms)
				LogAssemblyErrors (0ms)
				InitializePlatformSupportModulesInManaged (3ms)
				SetLoadedEditorAssemblies (0ms)
				RefreshPlugins (0ms)
				BeforeProcessingInitializeOnLoad (44ms)
				ProcessInitializeOnLoadAttributes (153ms)
				ProcessInitializeOnLoadMethodAttributes (12ms)
				AfterProcessingInitializeOnLoad (1ms)
				EditorAssembliesLoaded (0ms)
			ExecutionOrderSort2 (0ms)
			AwakeInstancesAfterBackupRestoration (2ms)
Platform modules already initialized, skipping
========================================================================
Worker process is ready to serve import requests
Launching external process: /Applications/Unity/Hub/Editor/2021.3.33f1/Unity.app/Contents/Tools/UnityShaderCompiler
Launched and connected shader compiler UnityShaderCompiler after 0.03 seconds
Refreshing native plugins compatible for Editor in 0.32 ms, found 2 plugins.
Preloading 0 native plugins for Editor in 0.00 ms.
Unloading 3124 Unused Serialized files (Serialized files now loaded: 0)
Unloading 23 unused Assets / (40.7 KB). Loaded Objects now: 3587.
Memory consumption went from 106.7 MB to 106.7 MB.
Total: 2.534625 ms (FindLiveObjects: 0.158583 ms CreateObjectMapping: 0.038125 ms MarkObjects: 2.272791 ms  DeleteObjects: 0.064084 ms)

AssetImportParameters requested are different than current active one (requested -> active):
  custom:video-decoder-ogg-theora: a1e56fd34408186e4bbccfd4996cb3dc -> 
  custom:container-muxer-webm: aa71ff27fc2769a1b78a27578f13a17b -> 
  custom:container-demuxer-webm: 4f35f7cbe854078d1ac9338744f61a02 -> 
  custom:video-encoder-webm-vp8: eb34c28f22e8b96e1ab97ce403110664 -> 
  custom:framework-osx-AVFoundation: e770b220cccbd017edd2c1fefb359320 -> 
  custom:CustomObjectIndexerAttribute: bc11b3a6c3213fcdd17b65e7da85e133 -> 
  custom:audio-encoder-webm-vorbis: bf7c407c2cedff20999df2af8eb42d56 -> 
  custom:SearchIndexIgnoredProperties: e643bd26f0fe6173181afceb89e7c659 -> 
  custom:container-demuxer-ogg: 62fdf1f143b41e24485cea50d1cbac27 -> 
  custom:video-decoder-webm-vp8: 9c59270c3fd7afecdb556c50c9e8de78 -> 
  custom:audio-decoder-ogg-vorbis: bf7c407c2cedff20999df2af8eb42d56 -> 
========================================================================
Received Import Request.
  Time since last request: 2004428.536879 seconds.
  path: Assets/Prefabs/Castle 2.prefab
  artifactKey: Guid(e2783db96babc46b5925fb5d2ca518af) Importer(815301076,1909f56bfc062723c751e8b465ee728b)
Number of updated assets reloaded before import = 0
Start importing Assets/Prefabs/Castle 2.prefab using Guid(e2783db96babc46b5925fb5d2ca518af) Importer(815301076,1909f56bfc062723c751e8b465ee728b)  -> (artifact id: '8c05f739c117b8b54a8f8936dd4afa37') in 0.820008 seconds 
Number of asset objects unloaded after import = 142
========================================================================
Received Import Request.
  Time since last request: 6.117883 seconds.
  path: Assets/Prefabs/Castle 2.prefab
  artifactKey: Guid(e2783db96babc46b5925fb5d2ca518af) Importer(815301076,1909f56bfc062723c751e8b465ee728b)
Number of updated assets reloaded before import = 0
Start importing Assets/Prefabs/Castle 2.prefab using Guid(e2783db96babc46b5925fb5d2ca518af) Importer(815301076,1909f56bfc062723c751e8b465ee728b)  -> (artifact id: '7c792488ee1c26c0cb77ca0bd3a8fc3d') in 0.009170 seconds 
Number of asset objects unloaded after import = 134
========================================================================
Received Import Request.
  Time since last request: 4.387198 seconds.
  path: Assets/Prefabs/Castle 2.prefab
  artifactKey: Guid(e2783db96babc46b5925fb5d2ca518af) Importer(815301076,1909f56bfc062723c751e8b465ee728b)
Number of updated assets reloaded before import = 0
Start importing Assets/Prefabs/Castle 2.prefab using Guid(e2783db96babc46b5925fb5d2ca518af) Importer(815301076,1909f56bfc062723c751e8b465ee728b)  -> (artifact id: '50d779865268ca2f394f032d10ab54e4') in 0.007565 seconds 
Number of asset objects unloaded after import = 126
========================================================================
Received Import Request.
  Time since last request: 2.884723 seconds.
  path: Assets/Prefabs/Castle 2.prefab
  artifactKey: Guid(e2783db96babc46b5925fb5d2ca518af) Importer(815301076,1909f56bfc062723c751e8b465ee728b)
Number of updated assets reloaded before import = 0
Start importing Assets/Prefabs/Castle 2.prefab using Guid(e2783db96babc46b5925fb5d2ca518af) Importer(815301076,1909f56bfc062723c751e8b465ee728b)  -> (artifact id: '8e0f04c3b75b41ba3fbf157773911aae') in 0.008238 seconds 
Number of asset objects unloaded after import = 118
========================================================================
Received Import Request.
  Time since last request: 11.137084 seconds.
  path: Assets/Prefabs/Castle 2.prefab
  artifactKey: Guid(e2783db96babc46b5925fb5d2ca518af) Importer(815301076,1909f56bfc062723c751e8b465ee728b)
Number of updated assets reloaded before import = 0
Start importing Assets/Prefabs/Castle 2.prefab using Guid(e2783db96babc46b5925fb5d2ca518af) Importer(815301076,1909f56bfc062723c751e8b465ee728b)  -> (artifact id: '9c5e1ac3fb0ecb83d1b76ee5e53cfc27') in 0.007153 seconds 
Number of asset objects unloaded after import = 110
========================================================================
Received Import Request.
  Time since last request: 3.027171 seconds.
  path: Assets/Prefabs/Castle 2.prefab
  artifactKey: Guid(e2783db96babc46b5925fb5d2ca518af) Importer(815301076,1909f56bfc062723c751e8b465ee728b)
Number of updated assets reloaded before import = 0
Start importing Assets/Prefabs/Castle 2.prefab using Guid(e2783db96babc46b5925fb5d2ca518af) Importer(815301076,1909f56bfc062723c751e8b465ee728b)  -> (artifact id: '8e56ab09953044395cbd53ef57756cd8') in 0.006956 seconds 
Number of asset objects unloaded after import = 102
========================================================================
Received Import Request.
  Time since last request: 4.555517 seconds.
  path: Assets/Prefabs/Castle 2.prefab
  artifactKey: Guid(e2783db96babc46b5925fb5d2ca518af) Importer(815301076,1909f56bfc062723c751e8b465ee728b)
Number of updated assets reloaded before import = 0
Start importing Assets/Prefabs/Castle 2.prefab using Guid(e2783db96babc46b5925fb5d2ca518af) Importer(815301076,1909f56bfc062723c751e8b465ee728b)  -> (artifact id: '4643541ec29277f4e342d557889c9aef') in 0.007258 seconds 
Number of asset objects unloaded after import = 94
========================================================================
Received Import Request.
  Time since last request: 53.306494 seconds.
  path: Assets/Prefabs/Castle 1.prefab
  artifactKey: Guid(f134ccdf559774421983bc42389508e4) Importer(815301076,1909f56bfc062723c751e8b465ee728b)
Number of updated assets reloaded before import = 0
Start importing Assets/Prefabs/Castle 1.prefab using Guid(f134ccdf559774421983bc42389508e4) Importer(815301076,1909f56bfc062723c751e8b465ee728b)  -> (artifact id: '087af7a846bebd712e3ff9f4eaf5edc4') in 0.017587 seconds 
Number of asset objects unloaded after import = 142
========================================================================
Received Import Request.
  Time since last request: 3.942906 seconds.
  path: Assets/Prefabs/Castle 1.prefab
  artifactKey: Guid(f134ccdf559774421983bc42389508e4) Importer(815301076,1909f56bfc062723c751e8b465ee728b)
Number of updated assets reloaded before import = 0
Start importing Assets/Prefabs/Castle 1.prefab using Guid(f134ccdf559774421983bc42389508e4) Importer(815301076,1909f56bfc062723c751e8b465ee728b)  -> (artifact id: 'c35ac62d5110df68a12f39a87ce4115a') in 0.007480 seconds 
Number of asset objects unloaded after import = 134
========================================================================
Received Import Request.
  Time since last request: 2.207116 seconds.
  path: Assets/Prefabs/Castle 1.prefab
  artifactKey: Guid(f134ccdf559774421983bc42389508e4) Importer(815301076,1909f56bfc062723c751e8b465ee728b)
Number of updated assets reloaded before import = 0
Start importing Assets/Prefabs/Castle 1.prefab using Guid(f134ccdf559774421983bc42389508e4) Importer(815301076,1909f56bfc062723c751e8b465ee728b)  -> (artifact id: '468f6b0bf8d9220d38cd352e5ba64c95') in 0.008857 seconds 
Number of asset objects unloaded after import = 126
========================================================================
Received Import Request.
  Time since last request: 2.099897 seconds.
  path: Assets/Prefabs/Castle 1.prefab
  artifactKey: Guid(f134ccdf559774421983bc42389508e4) Importer(815301076,1909f56bfc062723c751e8b465ee728b)
Number of updated assets reloaded before import = 0
Start importing Assets/Prefabs/Castle 1.prefab using Guid(f134ccdf559774421983bc42389508e4) Importer(815301076,1909f56bfc062723c751e8b465ee728b)  -> (artifact id: '632e9cf6d8dc7446eb1506c775171099') in 0.007240 seconds 
Number of asset objects unloaded after import = 118
========================================================================
Received Import Request.
  Time since last request: 36.669046 seconds.
  path: Assets/Prefabs/Castle 3.prefab
  artifactKey: Guid(4df46fb20b3564b2b9fec35a892ebead) Importer(815301076,1909f56bfc062723c751e8b465ee728b)
Number of updated assets reloaded before import = 0
Start importing Assets/Prefabs/Castle 3.prefab using Guid(4df46fb20b3564b2b9fec35a892ebead) Importer(815301076,1909f56bfc062723c751e8b465ee728b)  -> (artifact id: '458f8036f79add8337936e3f922e3904') in 0.017235 seconds 
Number of asset objects unloaded after import = 174
========================================================================
Received Import Request.
  Time since last request: 9.523563 seconds.
  path: Assets/Prefabs/Castle 3.prefab
  artifactKey: Guid(4df46fb20b3564b2b9fec35a892ebead) Importer(815301076,1909f56bfc062723c751e8b465ee728b)
Number of updated assets reloaded before import = 0
Start importing Assets/Prefabs/Castle 3.prefab using Guid(4df46fb20b3564b2b9fec35a892ebead) Importer(815301076,1909f56bfc062723c751e8b465ee728b)  -> (artifact id: '859e3e9409f0067fdfcd8ba9813b2ca7') in 0.010180 seconds 
Number of asset objects unloaded after import = 166
========================================================================
Received Import Request.
  Time since last request: 3.065533 seconds.
  path: Assets/Prefabs/Castle 3.prefab
  artifactKey: Guid(4df46fb20b3564b2b9fec35a892ebead) Importer(815301076,1909f56bfc062723c751e8b465ee728b)
Number of updated assets reloaded before import = 0
Start importing Assets/Prefabs/Castle 3.prefab using Guid(4df46fb20b3564b2b9fec35a892ebead) Importer(815301076,1909f56bfc062723c751e8b465ee728b)  -> (artifact id: '64dc1b6438ba299ea8793f940a3ad939') in 0.007288 seconds 
Number of asset objects unloaded after import = 158
========================================================================
Received Import Request.
  Time since last request: 36.152393 seconds.
  path: Assets/Prefabs/Castle 3.prefab
  artifactKey: Guid(4df46fb20b3564b2b9fec35a892ebead) Importer(815301076,1909f56bfc062723c751e8b465ee728b)
Number of updated assets reloaded before import = 0
Start importing Assets/Prefabs/Castle 3.prefab using Guid(4df46fb20b3564b2b9fec35a892ebead) Importer(815301076,1909f56bfc062723c751e8b465ee728b)  -> (artifact id: 'aed9745b86cdbe32fe58b26b6d555e9e') in 0.009709 seconds 
Number of asset objects unloaded after import = 158
========================================================================
Received Import Request.
  Time since last request: 21.003968 seconds.
  path: Assets/Prefabs/Castle 0.prefab
  artifactKey: Guid(e0969392d388b4e41bba731b3f9e72e2) Importer(815301076,1909f56bfc062723c751e8b465ee728b)
Number of updated assets reloaded before import = 0
Start importing Assets/Prefabs/Castle 0.prefab using Guid(e0969392d388b4e41bba731b3f9e72e2) Importer(815301076,1909f56bfc062723c751e8b465ee728b)  -> (artifact id: '7f4fb187037431000c9eac5e7fc20d7b') in 0.007694 seconds 
Number of asset objects unloaded after import = 174
========================================================================
Received Import Request.
  Time since last request: 19.946375 seconds.
  path: Assets/Prefabs/Castle 0.prefab
  artifactKey: Guid(e0969392d388b4e41bba731b3f9e72e2) Importer(815301076,1909f56bfc062723c751e8b465ee728b)
Number of updated assets reloaded before import = 0
Start importing Assets/Prefabs/Castle 0.prefab using Guid(e0969392d388b4e41bba731b3f9e72e2) Importer(815301076,1909f56bfc062723c751e8b465ee728b)  -> (artifact id: 'e67550dcdf09652d26b46087fcfb9563') in 0.010537 seconds 
Number of asset objects unloaded after import = 174
========================================================================
Received Import Request.
  Time since last request: 22.014473 seconds.
  path: Assets/Prefabs/Castle 0.prefab
  artifactKey: Guid(e0969392d388b4e41bba731b3f9e72e2) Importer(815301076,1909f56bfc062723c751e8b465ee728b)
Number of updated assets reloaded before import = 0
Start importing Assets/Prefabs/Castle 0.prefab using Guid(e0969392d388b4e41bba731b3f9e72e2) Importer(815301076,1909f56bfc062723c751e8b465ee728b)  -> (artifact id: 'a19aecc0771a74b578014eadc3d60c9a') in 0.009239 seconds 
Number of asset objects unloaded after import = 174
========================================================================
Received Import Request.
  Time since last request: 83.924431 seconds.
  path: Assets/Prefabs/Castle 0.prefab
  artifactKey: Guid(e0969392d388b4e41bba731b3f9e72e2) Importer(815301076,1909f56bfc062723c751e8b465ee728b)
Number of updated assets reloaded before import = 0
Start importing Assets/Prefabs/Castle 0.prefab using Guid(e0969392d388b4e41bba731b3f9e72e2) Importer(815301076,1909f56bfc062723c751e8b465ee728b)  -> (artifact id: '96f878ad77c8769cd7e4a0b8aea78d56') in 0.035029 seconds 
Number of asset objects unloaded after import = 182
========================================================================
Received Import Request.
  Time since last request: 15.479069 seconds.
  path: Assets/Prefabs/Castle 0.prefab
  artifactKey: Guid(e0969392d388b4e41bba731b3f9e72e2) Importer(815301076,1909f56bfc062723c751e8b465ee728b)
Number of updated assets reloaded before import = 0
Start importing Assets/Prefabs/Castle 0.prefab using Guid(e0969392d388b4e41bba731b3f9e72e2) Importer(815301076,1909f56bfc062723c751e8b465ee728b)  -> (artifact id: '1130218ce47cc7c465095a063a4dd4cc') in 0.009311 seconds 
Number of asset objects unloaded after import = 182
========================================================================
Received Prepare
Registering precompiled user dll's ...
Registered in 0.001243 seconds.
Begin MonoManager ReloadAssembly
Thread 0x17d73b000 may have been prematurely finalized
Native extension for WindowsStandalone target not found
Native extension for OSXStandalone target not found
Native extension for WebGL target not found
Refreshing native plugins compatible for Editor in 0.44 ms, found 2 plugins.
Preloading 0 native plugins for Editor in 0.00 ms.
[Package Manager] Server::EnsureServerProcessIsRunning -- launch failed, reason: Unity was launched with the -noUpm command-line argument
[Package Manager] Cannot connect to Unity Package Manager local server
Mono: successfully reloaded assembly
- Completed reload, in  0.999 seconds
Domain Reload Profiling:
	ReloadAssembly (1000ms)
		BeginReloadAssembly (115ms)
			ExecutionOrderSort (0ms)
			DisableScriptedObjects (3ms)
			BackupInstance (0ms)
			ReleaseScriptingObjects (0ms)
			CreateAndSetChildDomain (42ms)
		EndReloadAssembly (828ms)
			LoadAssemblies (51ms)
			RebuildTransferFunctionScriptingTraits (0ms)
			SetupTypeCache (199ms)
			ReleaseScriptCaches (1ms)
			RebuildScriptCaches (32ms)
			SetupLoadedEditorAssemblies (526ms)
				LogAssemblyErrors (0ms)
				InitializePlatformSupportModulesInManaged (3ms)
				SetLoadedEditorAssemblies (0ms)
				RefreshPlugins (0ms)
				BeforeProcessingInitializeOnLoad (36ms)
				ProcessInitializeOnLoadAttributes (471ms)
				ProcessInitializeOnLoadMethodAttributes (15ms)
				AfterProcessingInitializeOnLoad (1ms)
				EditorAssembliesLoaded (0ms)
			ExecutionOrderSort2 (0ms)
			AwakeInstancesAfterBackupRestoration (3ms)
Platform modules already initialized, skipping
Refreshing native plugins compatible for Editor in 0.40 ms, found 2 plugins.
Preloading 0 native plugins for Editor in 0.00 ms.
Unloading 3104 Unused Serialized files (Serialized files now loaded: 0)
Unloading 18 unused Assets / (22.0 KB). Loaded Objects now: 3599.
Memory consumption went from 111.7 MB to 111.7 MB.
Total: 2.833125 ms (FindLiveObjects: 0.137625 ms CreateObjectMapping: 0.039084 ms MarkObjects: 2.602583 ms  DeleteObjects: 0.053167 ms)

AssetImportParameters requested are different than current active one (requested -> active):
  custom:video-decoder-ogg-theora: a1e56fd34408186e4bbccfd4996cb3dc -> 
  custom:container-muxer-webm: aa71ff27fc2769a1b78a27578f13a17b -> 
  custom:container-demuxer-webm: 4f35f7cbe854078d1ac9338744f61a02 -> 
  custom:video-encoder-webm-vp8: eb34c28f22e8b96e1ab97ce403110664 -> 
  custom:framework-osx-AVFoundation: e770b220cccbd017edd2c1fefb359320 -> 
  custom:CustomObjectIndexerAttribute: bc11b3a6c3213fcdd17b65e7da85e133 -> 
  custom:audio-encoder-webm-vorbis: bf7c407c2cedff20999df2af8eb42d56 -> 
  custom:SearchIndexIgnoredProperties: e643bd26f0fe6173181afceb89e7c659 -> 
  custom:container-demuxer-ogg: 62fdf1f143b41e24485cea50d1cbac27 -> 
  custom:video-decoder-webm-vp8: 9c59270c3fd7afecdb556c50c9e8de78 -> 
  custom:audio-decoder-ogg-vorbis: bf7c407c2cedff20999df2af8eb42d56 -> 
========================================================================
Received Prepare
Refreshing native plugins compatible for Editor in 1.45 ms, found 2 plugins.
Preloading 0 native plugins for Editor in 0.00 ms.
Unloading 16 Unused Serialized files (Serialized files now loaded: 0)
Unloading 16 unused Assets / (21.9 KB). Loaded Objects now: 3599.
Memory consumption went from 49.9 MB to 49.9 MB.
Total: 2.947583 ms (FindLiveObjects: 0.184333 ms CreateObjectMapping: 0.049542 ms MarkObjects: 2.690959 ms  DeleteObjects: 0.022333 ms)

AssetImportParameters requested are different than current active one (requested -> active):
  custom:video-decoder-ogg-theora: a1e56fd34408186e4bbccfd4996cb3dc -> 
  custom:container-muxer-webm: aa71ff27fc2769a1b78a27578f13a17b -> 
  custom:container-demuxer-webm: 4f35f7cbe854078d1ac9338744f61a02 -> 
  custom:video-encoder-webm-vp8: eb34c28f22e8b96e1ab97ce403110664 -> 
  custom:framework-osx-AVFoundation: e770b220cccbd017edd2c1fefb359320 -> 
  custom:CustomObjectIndexerAttribute: bc11b3a6c3213fcdd17b65e7da85e133 -> 
  custom:audio-encoder-webm-vorbis: bf7c407c2cedff20999df2af8eb42d56 -> 
  custom:SearchIndexIgnoredProperties: e643bd26f0fe6173181afceb89e7c659 -> 
  custom:container-demuxer-ogg: 62fdf1f143b41e24485cea50d1cbac27 -> 
  custom:video-decoder-webm-vp8: 9c59270c3fd7afecdb556c50c9e8de78 -> 
  custom:audio-decoder-ogg-vorbis: bf7c407c2cedff20999df2af8eb42d56 -> 
========================================================================
Received Prepare
Registering precompiled user dll's ...
Registered in 0.001301 seconds.
Begin MonoManager ReloadAssembly
Thread 0x16b9c3000 may have been prematurely finalized
Native extension for WindowsStandalone target not found
Native extension for OSXStandalone target not found
Native extension for WebGL target not found
Refreshing native plugins compatible for Editor in 0.28 ms, found 2 plugins.
Preloading 0 native plugins for Editor in 0.00 ms.
[Package Manager] Server::EnsureServerProcessIsRunning -- launch failed, reason: Unity was launched with the -noUpm command-line argument
[Package Manager] Cannot connect to Unity Package Manager local server
Mono: successfully reloaded assembly
- Completed reload, in  0.950 seconds
Domain Reload Profiling:
	ReloadAssembly (951ms)
		BeginReloadAssembly (117ms)
			ExecutionOrderSort (0ms)
			DisableScriptedObjects (4ms)
			BackupInstance (0ms)
			ReleaseScriptingObjects (0ms)
			CreateAndSetChildDomain (52ms)
		EndReloadAssembly (779ms)
			LoadAssemblies (44ms)
			RebuildTransferFunctionScriptingTraits (0ms)
			SetupTypeCache (174ms)
			ReleaseScriptCaches (1ms)
			RebuildScriptCaches (29ms)
			SetupLoadedEditorAssemblies (515ms)
				LogAssemblyErrors (0ms)
				InitializePlatformSupportModulesInManaged (3ms)
				SetLoadedEditorAssemblies (0ms)
				RefreshPlugins (0ms)
				BeforeProcessingInitializeOnLoad (32ms)
				ProcessInitializeOnLoadAttributes (464ms)
				ProcessInitializeOnLoadMethodAttributes (14ms)
				AfterProcessingInitializeOnLoad (1ms)
				EditorAssembliesLoaded (0ms)
			ExecutionOrderSort2 (0ms)
			AwakeInstancesAfterBackupRestoration (2ms)
Platform modules already initialized, skipping
Refreshing native plugins compatible for Editor in 0.33 ms, found 2 plugins.
Preloading 0 native plugins for Editor in 0.00 ms.
Unloading 3104 Unused Serialized files (Serialized files now loaded: 0)
Unloading 18 unused Assets / (21.9 KB). Loaded Objects now: 3602.
Memory consumption went from 111.7 MB to 111.7 MB.
Total: 2.028541 ms (FindLiveObjects: 0.124333 ms CreateObjectMapping: 0.037167 ms MarkObjects: 1.841291 ms  DeleteObjects: 0.024916 ms)

AssetImportParameters requested are different than current active one (requested -> active):
  custom:video-decoder-ogg-theora: a1e56fd34408186e4bbccfd4996cb3dc -> 
  custom:container-muxer-webm: aa71ff27fc2769a1b78a27578f13a17b -> 
  custom:container-demuxer-webm: 4f35f7cbe854078d1ac9338744f61a02 -> 
  custom:video-encoder-webm-vp8: eb34c28f22e8b96e1ab97ce403110664 -> 
  custom:framework-osx-AVFoundation: e770b220cccbd017edd2c1fefb359320 -> 
  custom:CustomObjectIndexerAttribute: bc11b3a6c3213fcdd17b65e7da85e133 -> 
  custom:audio-encoder-webm-vorbis: bf7c407c2cedff20999df2af8eb42d56 -> 
  custom:SearchIndexIgnoredProperties: e643bd26f0fe6173181afceb89e7c659 -> 
  custom:container-demuxer-ogg: 62fdf1f143b41e24485cea50d1cbac27 -> 
  custom:video-decoder-webm-vp8: 9c59270c3fd7afecdb556c50c9e8de78 -> 
  custom:audio-decoder-ogg-vorbis: bf7c407c2cedff20999df2af8eb42d56 -> 
========================================================================
Received Prepare
Registering precompiled user dll's ...
Registered in 0.001664 seconds.
Begin MonoManager ReloadAssembly
Thread 0x16b333000 may have been prematurely finalized
Native extension for WindowsStandalone target not found
Native extension for OSXStandalone target not found
Native extension for WebGL target not found
Refreshing native plugins compatible for Editor in 0.42 ms, found 2 plugins.
Preloading 0 native plugins for Editor in 0.00 ms.
[Package Manager] Server::EnsureServerProcessIsRunning -- launch failed, reason: Unity was launched with the -noUpm command-line argument
[Package Manager] Cannot connect to Unity Package Manager local server
Mono: successfully reloaded assembly
- Completed reload, in  0.913 seconds
Domain Reload Profiling:
	ReloadAssembly (914ms)
		BeginReloadAssembly (80ms)
			ExecutionOrderSort (0ms)
			DisableScriptedObjects (3ms)
			BackupInstance (0ms)
			ReleaseScriptingObjects (0ms)
			CreateAndSetChildDomain (27ms)
		EndReloadAssembly (781ms)
			LoadAssemblies (36ms)
			RebuildTransferFunctionScriptingTraits (0ms)
			SetupTypeCache (172ms)
			ReleaseScriptCaches (1ms)
			RebuildScriptCaches (28ms)
			SetupLoadedEditorAssemblies (518ms)
				LogAssemblyErrors (0ms)
				InitializePlatformSupportModulesInManaged (3ms)
				SetLoadedEditorAssemblies (0ms)
				RefreshPlugins (0ms)
				BeforeProcessingInitializeOnLoad (37ms)
				ProcessInitializeOnLoadAttributes (462ms)
				ProcessInitializeOnLoadMethodAttributes (14ms)
				AfterProcessingInitializeOnLoad (1ms)
				EditorAssembliesLoaded (0ms)
			ExecutionOrderSort2 (0ms)
			AwakeInstancesAfterBackupRestoration (2ms)
Platform modules already initialized, skipping
Refreshing native plugins compatible for Editor in 0.35 ms, found 2 plugins.
Preloading 0 native plugins for Editor in 0.00 ms.
Unloading 3104 Unused Serialized files (Serialized files now loaded: 0)
Unloading 18 unused Assets / (21.9 KB). Loaded Objects now: 3605.
Memory consumption went from 111.7 MB to 111.7 MB.
Total: 2.479584 ms (FindLiveObjects: 0.122250 ms CreateObjectMapping: 0.037458 ms MarkObjects: 2.277583 ms  DeleteObjects: 0.041625 ms)

AssetImportParameters requested are different than current active one (requested -> active):
  custom:video-decoder-ogg-theora: a1e56fd34408186e4bbccfd4996cb3dc -> 
  custom:container-muxer-webm: aa71ff27fc2769a1b78a27578f13a17b -> 
  custom:container-demuxer-webm: 4f35f7cbe854078d1ac9338744f61a02 -> 
  custom:video-encoder-webm-vp8: eb34c28f22e8b96e1ab97ce403110664 -> 
  custom:framework-osx-AVFoundation: e770b220cccbd017edd2c1fefb359320 -> 
  custom:CustomObjectIndexerAttribute: bc11b3a6c3213fcdd17b65e7da85e133 -> 
  custom:audio-encoder-webm-vorbis: bf7c407c2cedff20999df2af8eb42d56 -> 
  custom:SearchIndexIgnoredProperties: e643bd26f0fe6173181afceb89e7c659 -> 
  custom:container-demuxer-ogg: 62fdf1f143b41e24485cea50d1cbac27 -> 
  custom:video-decoder-webm-vp8: 9c59270c3fd7afecdb556c50c9e8de78 -> 
  custom:audio-decoder-ogg-vorbis: bf7c407c2cedff20999df2af8eb42d56 -> 
